  [1m[35m (1135.9ms)[0m  [1m[35mCREATE DATABASE "apili_development" ENCODING = 'unicode'[0m
  ↳ bin/rails:9
  [1m[35m (736.9ms)[0m  [1m[35mCREATE DATABASE "apili_test" ENCODING = 'unicode'[0m
  ↳ bin/rails:9
  [1m[35m (127.4ms)[0m  [1m[35mCREATE TABLE "schema_migrations" ("version" character varying NOT NULL PRIMARY KEY)[0m
  ↳ bin/rails:9
  [1m[35m (104.3ms)[0m  [1m[35mCREATE TABLE "ar_internal_metadata" ("key" character varying NOT NULL PRIMARY KEY, "value" character varying, "created_at" timestamp NOT NULL, "updated_at" timestamp NOT NULL)[0m
  ↳ bin/rails:9
  [1m[35m (0.6ms)[0m  [1m[34mSELECT pg_try_advisory_lock(980531161561495740)[0m
  ↳ bin/rails:9
  [1m[35m (0.7ms)[0m  [1m[34mSELECT "schema_migrations"."version" FROM "schema_migrations" ORDER BY "schema_migrations"."version" ASC[0m
  ↳ bin/rails:9
Migrating to CreateUsers (20190323021849)
  [1m[35m (0.2ms)[0m  [1m[35mBEGIN[0m
  ↳ bin/rails:9
  [1m[35m (76.1ms)[0m  [1m[35mCREATE TABLE "users" ("id" bigserial primary key, "email" character varying NOT NULL, "password_digest" character varying NOT NULL, "created_at" timestamp NOT NULL, "updated_at" timestamp NOT NULL)[0m
  ↳ db/migrate/20190323021849_create_users.rb:3
  [1m[36mActiveRecord::SchemaMigration Create (0.9ms)[0m  [1m[32mINSERT INTO "schema_migrations" ("version") VALUES ($1) RETURNING "version"[0m  [["version", "20190323021849"]]
  ↳ bin/rails:9
  [1m[35m (14.6ms)[0m  [1m[35mCOMMIT[0m
  ↳ bin/rails:9
  [1m[36mActiveRecord::InternalMetadata Load (0.5ms)[0m  [1m[34mSELECT  "ar_internal_metadata".* FROM "ar_internal_metadata" WHERE "ar_internal_metadata"."key" = $1 LIMIT $2[0m  [["key", "environment"], ["LIMIT", 1]]
  ↳ bin/rails:9
  [1m[35m (0.2ms)[0m  [1m[35mBEGIN[0m
  ↳ bin/rails:9
  [1m[36mActiveRecord::InternalMetadata Create (0.5ms)[0m  [1m[32mINSERT INTO "ar_internal_metadata" ("key", "value", "created_at", "updated_at") VALUES ($1, $2, $3, $4) RETURNING "key"[0m  [["key", "environment"], ["value", "development"], ["created_at", "2019-03-23 02:19:50.417538"], ["updated_at", "2019-03-23 02:19:50.417538"]]
  ↳ bin/rails:9
  [1m[35m (6.0ms)[0m  [1m[35mCOMMIT[0m
  ↳ bin/rails:9
  [1m[35m (0.4ms)[0m  [1m[34mSELECT pg_advisory_unlock(980531161561495740)[0m
  ↳ bin/rails:9
  [1m[35m (0.4ms)[0m  [1m[34mSELECT "schema_migrations"."version" FROM "schema_migrations" ORDER BY "schema_migrations"."version" ASC[0m
  ↳ bin/rails:9
Started GET "/" for ::1 at 2019-03-23 06:44:04 +0300
  [1m[35m (1.4ms)[0m  [1m[34mSELECT "schema_migrations"."version" FROM "schema_migrations" ORDER BY "schema_migrations"."version" ASC[0m
  ↳ /home/puskuruk/.rbenv/versions/2.5.3/lib/ruby/gems/2.5.0/gems/activerecord-5.2.2.1/lib/active_record/log_subscriber.rb:98
Processing by Rails::WelcomeController#index as HTML
  Rendering /home/puskuruk/.rbenv/versions/2.5.3/lib/ruby/gems/2.5.0/gems/railties-5.2.2.1/lib/rails/templates/rails/welcome/index.html.erb
  Rendered /home/puskuruk/.rbenv/versions/2.5.3/lib/ruby/gems/2.5.0/gems/railties-5.2.2.1/lib/rails/templates/rails/welcome/index.html.erb (15.3ms)
Completed 200 OK in 40ms (Views: 35.2ms | ActiveRecord: 0.0ms)


Started GET "/signin" for ::1 at 2019-03-23 06:44:09 +0300
  
ActionController::RoutingError (No route matches [GET] "/signin"):
  
actionpack (5.2.2.1) lib/action_dispatch/middleware/debug_exceptions.rb:65:in `call'
actionpack (5.2.2.1) lib/action_dispatch/middleware/show_exceptions.rb:33:in `call'
railties (5.2.2.1) lib/rails/rack/logger.rb:38:in `call_app'
railties (5.2.2.1) lib/rails/rack/logger.rb:26:in `block in call'
activesupport (5.2.2.1) lib/active_support/tagged_logging.rb:71:in `block in tagged'
activesupport (5.2.2.1) lib/active_support/tagged_logging.rb:28:in `tagged'
activesupport (5.2.2.1) lib/active_support/tagged_logging.rb:71:in `tagged'
railties (5.2.2.1) lib/rails/rack/logger.rb:26:in `call'
actionpack (5.2.2.1) lib/action_dispatch/middleware/remote_ip.rb:81:in `call'
actionpack (5.2.2.1) lib/action_dispatch/middleware/request_id.rb:27:in `call'
rack (2.0.6) lib/rack/runtime.rb:22:in `call'
activesupport (5.2.2.1) lib/active_support/cache/strategy/local_cache_middleware.rb:29:in `call'
actionpack (5.2.2.1) lib/action_dispatch/middleware/executor.rb:14:in `call'
actionpack (5.2.2.1) lib/action_dispatch/middleware/static.rb:127:in `call'
rack (2.0.6) lib/rack/sendfile.rb:111:in `call'
rack-cors (1.0.2) lib/rack/cors.rb:97:in `call'
railties (5.2.2.1) lib/rails/engine.rb:524:in `call'
puma (3.12.1) lib/puma/configuration.rb:227:in `call'
puma (3.12.1) lib/puma/server.rb:660:in `handle_request'
puma (3.12.1) lib/puma/server.rb:474:in `process_client'
puma (3.12.1) lib/puma/server.rb:334:in `block in run'
puma (3.12.1) lib/puma/thread_pool.rb:135:in `block in spawn_thread'
Started GET "/signup" for ::1 at 2019-03-23 06:44:18 +0300
  
ActionController::RoutingError (No route matches [GET] "/signup"):
  
actionpack (5.2.2.1) lib/action_dispatch/middleware/debug_exceptions.rb:65:in `call'
actionpack (5.2.2.1) lib/action_dispatch/middleware/show_exceptions.rb:33:in `call'
railties (5.2.2.1) lib/rails/rack/logger.rb:38:in `call_app'
railties (5.2.2.1) lib/rails/rack/logger.rb:26:in `block in call'
activesupport (5.2.2.1) lib/active_support/tagged_logging.rb:71:in `block in tagged'
activesupport (5.2.2.1) lib/active_support/tagged_logging.rb:28:in `tagged'
activesupport (5.2.2.1) lib/active_support/tagged_logging.rb:71:in `tagged'
railties (5.2.2.1) lib/rails/rack/logger.rb:26:in `call'
actionpack (5.2.2.1) lib/action_dispatch/middleware/remote_ip.rb:81:in `call'
actionpack (5.2.2.1) lib/action_dispatch/middleware/request_id.rb:27:in `call'
rack (2.0.6) lib/rack/runtime.rb:22:in `call'
activesupport (5.2.2.1) lib/active_support/cache/strategy/local_cache_middleware.rb:29:in `call'
actionpack (5.2.2.1) lib/action_dispatch/middleware/executor.rb:14:in `call'
actionpack (5.2.2.1) lib/action_dispatch/middleware/static.rb:127:in `call'
rack (2.0.6) lib/rack/sendfile.rb:111:in `call'
rack-cors (1.0.2) lib/rack/cors.rb:97:in `call'
railties (5.2.2.1) lib/rails/engine.rb:524:in `call'
puma (3.12.1) lib/puma/configuration.rb:227:in `call'
puma (3.12.1) lib/puma/server.rb:660:in `handle_request'
puma (3.12.1) lib/puma/server.rb:474:in `process_client'
puma (3.12.1) lib/puma/server.rb:334:in `block in run'
puma (3.12.1) lib/puma/thread_pool.rb:135:in `block in spawn_thread'
Started POST "/signup" for ::1 at 2019-03-23 06:45:12 +0300
Processing by SignupController#create as */*
  [1m[35m (0.3ms)[0m  [1m[35mBEGIN[0m
  ↳ app/controllers/signup_controller.rb:5
  [1m[35m (0.4ms)[0m  [1m[31mROLLBACK[0m
  ↳ app/controllers/signup_controller.rb:5
Completed 500 Internal Server Error in 168ms (ActiveRecord: 11.0ms)


  
NoMethodError (undefined method `full_messsages' for #<ActiveModel::Errors:0x00007f5038a7cad0>
Did you mean?  full_message
               full_messages):
  
app/controllers/signup_controller.rb:17:in `create'
Started POST "/signup" for ::1 at 2019-03-23 06:47:24 +0300
Processing by SignupController#create as */*
  [1m[35m (0.2ms)[0m  [1m[35mBEGIN[0m
  ↳ app/controllers/signup_controller.rb:5
  [1m[35m (2.7ms)[0m  [1m[31mROLLBACK[0m
  ↳ app/controllers/signup_controller.rb:5
Completed 500 Internal Server Error in 28ms (ActiveRecord: 9.3ms)


  
NoMethodError (undefined method `full_messsage' for #<ActiveModel::Errors:0x000055d70606a418>
Did you mean?  full_message
               full_messages):
  
app/controllers/signup_controller.rb:17:in `create'
Started POST "/signup" for ::1 at 2019-03-23 06:48:23 +0300
Processing by SignupController#create as */*
  [1m[35m (0.4ms)[0m  [1m[35mBEGIN[0m
  ↳ app/controllers/signup_controller.rb:5
  [1m[35m (0.3ms)[0m  [1m[31mROLLBACK[0m
  ↳ app/controllers/signup_controller.rb:5
Completed 422 Unprocessable Entity in 21ms (Views: 0.6ms | ActiveRecord: 6.4ms)


Started POST "/signup" for ::1 at 2019-03-23 06:48:45 +0300
Processing by SignupController#create as */*
  Parameters: {"email"=>"tamayeseruysal@gmail.com", "password"=>"[FILTERED]"}
  [1m[35m (0.2ms)[0m  [1m[35mBEGIN[0m
  ↳ app/controllers/signup_controller.rb:5
  [1m[36mUser Create (0.9ms)[0m  [1m[32mINSERT INTO "users" ("email", "password_digest", "created_at", "updated_at") VALUES ($1, $2, $3, $4) RETURNING "id"[0m  [["email", "tamayeseruysal@gmail.com"], ["password_digest", "$2a$10$3pyw4NcfXlg7SIu3C.GV/.wHuRKBTpTCpEnVAxt5wAlz2ijNIRony"], ["created_at", "2019-03-23 03:48:45.968790"], ["updated_at", "2019-03-23 03:48:45.968790"]]
  ↳ app/controllers/signup_controller.rb:5
  [1m[35m (63.4ms)[0m  [1m[35mCOMMIT[0m
  ↳ app/controllers/signup_controller.rb:5
Completed 500 Internal Server Error in 140ms (ActiveRecord: 64.5ms)


  
NoMethodError (undefined method `new' for :Sessions:Symbol
Did you mean?  next):
  
app/controllers/signup_controller.rb:7:in `create'
Started POST "/signup" for ::1 at 2019-03-23 06:54:40 +0300
Processing by SignupController#create as */*
  Parameters: {"email"=>"tamayeseruysal@gmail.com", "password"=>"[FILTERED]"}
  [1m[35m (0.2ms)[0m  [1m[35mBEGIN[0m
  ↳ app/controllers/signup_controller.rb:5
  [1m[36mUser Create (0.6ms)[0m  [1m[32mINSERT INTO "users" ("email", "password_digest", "created_at", "updated_at") VALUES ($1, $2, $3, $4) RETURNING "id"[0m  [["email", "tamayeseruysal@gmail.com"], ["password_digest", "$2a$10$eWXISahFqcb/Gk.U55OZGOieXtN/avElKYKDLK90iOjOPIBruzYTi"], ["created_at", "2019-03-23 03:54:40.234360"], ["updated_at", "2019-03-23 03:54:40.234360"]]
  ↳ app/controllers/signup_controller.rb:5
  [1m[35m (19.0ms)[0m  [1m[35mCOMMIT[0m
  ↳ app/controllers/signup_controller.rb:5
Completed 500 Internal Server Error in 118ms (ActiveRecord: 30.1ms)


  
NoMethodError (undefined method `new' for :Session:Symbol
Did you mean?  next):
  
app/controllers/signup_controller.rb:7:in `create'
Started POST "/signup" for ::1 at 2019-03-23 06:55:00 +0300
Processing by SignupController#create as */*
  Parameters: {"email"=>"tamayeseruysal@gmail.com", "password"=>"[FILTERED]"}
  [1m[35m (0.2ms)[0m  [1m[35mBEGIN[0m
  ↳ app/controllers/signup_controller.rb:5
  [1m[36mUser Create (0.4ms)[0m  [1m[32mINSERT INTO "users" ("email", "password_digest", "created_at", "updated_at") VALUES ($1, $2, $3, $4) RETURNING "id"[0m  [["email", "tamayeseruysal@gmail.com"], ["password_digest", "$2a$10$wuueVDWWMy9TattPTOywMemrh3iUu5vazlCKl2jLsbJZHPcvwPJ7q"], ["created_at", "2019-03-23 03:55:00.627772"], ["updated_at", "2019-03-23 03:55:00.627772"]]
  ↳ app/controllers/signup_controller.rb:5
  [1m[35m (40.7ms)[0m  [1m[35mCOMMIT[0m
  ↳ app/controllers/signup_controller.rb:5
Completed 500 Internal Server Error in 129ms (ActiveRecord: 46.0ms)


  
Redis::CannotConnectError (Error connecting to Redis on 127.0.0.1:6379 (Errno::ECONNREFUSED)):
  
app/controllers/signup_controller.rb:8:in `create'
Started POST "/signup" for ::1 at 2019-03-23 06:56:40 +0300
  [1m[35m (1.1ms)[0m  [1m[34mSELECT "schema_migrations"."version" FROM "schema_migrations" ORDER BY "schema_migrations"."version" ASC[0m
  ↳ /home/puskuruk/.rbenv/versions/2.5.3/lib/ruby/gems/2.5.0/gems/activerecord-5.2.2.1/lib/active_record/log_subscriber.rb:98
Processing by SignupController#create as */*
  Parameters: {"email"=>"tamayeseruysal@gmail.com", "password"=>"[FILTERED]"}
  [1m[35m (0.2ms)[0m  [1m[35mBEGIN[0m
  ↳ app/controllers/signup_controller.rb:5
  [1m[36mUser Create (0.6ms)[0m  [1m[32mINSERT INTO "users" ("email", "password_digest", "created_at", "updated_at") VALUES ($1, $2, $3, $4) RETURNING "id"[0m  [["email", "tamayeseruysal@gmail.com"], ["password_digest", "$2a$10$387k4ncJ3PT5RYz.8LjJreDA8840iwVsEL35aCBhDYiqqH1jQQzdG"], ["created_at", "2019-03-23 03:56:40.657525"], ["updated_at", "2019-03-23 03:56:40.657525"]]
  ↳ app/controllers/signup_controller.rb:5
  [1m[35m (24.7ms)[0m  [1m[35mCOMMIT[0m
  ↳ app/controllers/signup_controller.rb:5
Completed 200 OK in 116ms (Views: 0.4ms | ActiveRecord: 33.1ms)


  [1m[36mUser Load (0.5ms)[0m  [1m[34mSELECT  "users".* FROM "users" LIMIT $1[0m  [["LIMIT", 11]]
  [1m[35m (0.6ms)[0m  [1m[34mSELECT "schema_migrations"."version" FROM "schema_migrations" ORDER BY "schema_migrations"."version" ASC[0m
  ↳ bin/rails:9
  [1m[35m (0.4ms)[0m  [1m[34mSELECT "ar_internal_metadata"."value" FROM "ar_internal_metadata" WHERE "ar_internal_metadata"."key" = $1[0m  [["key", "environment"]]
  ↳ bin/rails:9
  [1m[35m (0.3ms)[0m  [1m[34mSELECT "schema_migrations"."version" FROM "schema_migrations" ORDER BY "schema_migrations"."version" ASC[0m
  ↳ bin/rails:9
  [1m[35m (0.2ms)[0m  [1m[34mSELECT "ar_internal_metadata"."value" FROM "ar_internal_metadata" WHERE "ar_internal_metadata"."key" = $1[0m  [["key", "environment"]]
  ↳ bin/rails:9
  [1m[35m (0.2ms)[0m  [1m[34mSELECT "schema_migrations"."version" FROM "schema_migrations" ORDER BY "schema_migrations"."version" ASC[0m
  ↳ bin/rails:9
  [1m[35m (0.2ms)[0m  [1m[34mSELECT "ar_internal_metadata"."value" FROM "ar_internal_metadata" WHERE "ar_internal_metadata"."key" = $1[0m  [["key", "environment"]]
  ↳ bin/rails:9
  [1m[35m (356.5ms)[0m  [1m[35mDROP DATABASE IF EXISTS "apili_development"[0m
  ↳ bin/rails:9
  [1m[35m (327.5ms)[0m  [1m[35mDROP DATABASE IF EXISTS "apili_test"[0m
  ↳ bin/rails:9
  [1m[35m (789.3ms)[0m  [1m[35mCREATE DATABASE "apili_development" ENCODING = 'unicode'[0m
  ↳ bin/rails:9
  [1m[35m (800.5ms)[0m  [1m[35mCREATE DATABASE "apili_test" ENCODING = 'unicode'[0m
  ↳ bin/rails:9
  [1m[35m (139.1ms)[0m  [1m[35mCREATE TABLE "schema_migrations" ("version" character varying NOT NULL PRIMARY KEY)[0m
  ↳ bin/rails:9
  [1m[35m (87.0ms)[0m  [1m[35mCREATE TABLE "ar_internal_metadata" ("key" character varying NOT NULL PRIMARY KEY, "value" character varying, "created_at" timestamp NOT NULL, "updated_at" timestamp NOT NULL)[0m
  ↳ bin/rails:9
  [1m[35m (0.3ms)[0m  [1m[34mSELECT pg_try_advisory_lock(980531161561495740)[0m
  ↳ bin/rails:9
  [1m[35m (0.6ms)[0m  [1m[34mSELECT "schema_migrations"."version" FROM "schema_migrations" ORDER BY "schema_migrations"."version" ASC[0m
  ↳ bin/rails:9
Migrating to CreateUsers (20190323021849)
  [1m[35m (0.2ms)[0m  [1m[35mBEGIN[0m
  ↳ bin/rails:9
  [1m[35m (111.9ms)[0m  [1m[35mCREATE TABLE "users" ("id" bigserial primary key, "email" character varying NOT NULL, "password_digest" character varying NOT NULL, "created_at" timestamp NOT NULL, "updated_at" timestamp NOT NULL)[0m
  ↳ db/migrate/20190323021849_create_users.rb:3
  [1m[36mActiveRecord::SchemaMigration Create (0.8ms)[0m  [1m[32mINSERT INTO "schema_migrations" ("version") VALUES ($1) RETURNING "version"[0m  [["version", "20190323021849"]]
  ↳ bin/rails:9
  [1m[35m (15.0ms)[0m  [1m[35mCOMMIT[0m
  ↳ bin/rails:9
  [1m[36mActiveRecord::InternalMetadata Load (0.7ms)[0m  [1m[34mSELECT  "ar_internal_metadata".* FROM "ar_internal_metadata" WHERE "ar_internal_metadata"."key" = $1 LIMIT $2[0m  [["key", "environment"], ["LIMIT", 1]]
  ↳ bin/rails:9
  [1m[35m (0.3ms)[0m  [1m[35mBEGIN[0m
  ↳ bin/rails:9
  [1m[36mActiveRecord::InternalMetadata Create (0.7ms)[0m  [1m[32mINSERT INTO "ar_internal_metadata" ("key", "value", "created_at", "updated_at") VALUES ($1, $2, $3, $4) RETURNING "key"[0m  [["key", "environment"], ["value", "development"], ["created_at", "2019-03-23 03:59:01.339781"], ["updated_at", "2019-03-23 03:59:01.339781"]]
  ↳ bin/rails:9
  [1m[35m (5.1ms)[0m  [1m[35mCOMMIT[0m
  ↳ bin/rails:9
  [1m[35m (0.7ms)[0m  [1m[34mSELECT pg_advisory_unlock(980531161561495740)[0m
  ↳ bin/rails:9
  [1m[35m (0.5ms)[0m  [1m[34mSELECT "schema_migrations"."version" FROM "schema_migrations" ORDER BY "schema_migrations"."version" ASC[0m
  ↳ bin/rails:9
Started POST "/signup" for ::1 at 2019-03-23 06:59:10 +0300
  [1m[35m (0.9ms)[0m  [1m[34mSELECT "schema_migrations"."version" FROM "schema_migrations" ORDER BY "schema_migrations"."version" ASC[0m
  ↳ /home/puskuruk/.rbenv/versions/2.5.3/lib/ruby/gems/2.5.0/gems/activerecord-5.2.2.1/lib/active_record/log_subscriber.rb:98
Processing by SignupController#create as */*
  Parameters: {"email"=>"tamayeseruysal@gmail.com", "password"=>"[FILTERED]"}
  [1m[35m (0.2ms)[0m  [1m[35mBEGIN[0m
  ↳ app/controllers/signup_controller.rb:5
  [1m[36mUser Exists (0.8ms)[0m  [1m[34mSELECT  1 AS one FROM "users" WHERE "users"."email" = $1 LIMIT $2[0m  [["email", "tamayeseruysal@gmail.com"], ["LIMIT", 1]]
  ↳ app/controllers/signup_controller.rb:5
  [1m[36mUser Create (0.6ms)[0m  [1m[32mINSERT INTO "users" ("email", "password_digest", "created_at", "updated_at") VALUES ($1, $2, $3, $4) RETURNING "id"[0m  [["email", "tamayeseruysal@gmail.com"], ["password_digest", "$2a$10$Em6.DmHTDi7vrJ5OOKTIFOkT06ENCT4rq94Ao6XcUAfJuENFbDbo6"], ["created_at", "2019-03-23 03:59:10.164408"], ["updated_at", "2019-03-23 03:59:10.164408"]]
  ↳ app/controllers/signup_controller.rb:5
  [1m[35m (18.2ms)[0m  [1m[35mCOMMIT[0m
  ↳ app/controllers/signup_controller.rb:5
Completed 200 OK in 113ms (Views: 0.3ms | ActiveRecord: 25.3ms)


Started POST "/signup" for ::1 at 2019-03-23 06:59:12 +0300
Processing by SignupController#create as */*
  Parameters: {"email"=>"tamayeseruysal@gmail.com", "password"=>"[FILTERED]"}
  [1m[35m (0.3ms)[0m  [1m[35mBEGIN[0m
  ↳ app/controllers/signup_controller.rb:5
  [1m[36mUser Exists (0.5ms)[0m  [1m[34mSELECT  1 AS one FROM "users" WHERE "users"."email" = $1 LIMIT $2[0m  [["email", "tamayeseruysal@gmail.com"], ["LIMIT", 1]]
  ↳ app/controllers/signup_controller.rb:5
  [1m[35m (0.2ms)[0m  [1m[31mROLLBACK[0m
  ↳ app/controllers/signup_controller.rb:5
Completed 422 Unprocessable Entity in 81ms (Views: 0.2ms | ActiveRecord: 0.9ms)


